2026-07-19 10:35:38,093 [INFO] ============================================================
2026-07-19 10:35:38,093 [INFO] [DAILY] 파이프라인 시작 — 2026-07-19 10:35:38
2026-07-19 10:35:38,407 [INFO] [BACKFILL] 빠진 날짜 6일 발견: 2026-07-13 ~ 2026-07-18
2026-07-19 10:35:38,407 [INFO] ============================================================
2026-07-19 10:35:38,407 [INFO] [PIPELINE] 대상 날짜: 2026-07-13
2026-07-19 10:35:38,408 [INFO] [FETCH] 2026-07-13 데이터 수집 시작...
2026-07-19 10:35:39,528 [INFO] [FETCH] 2026-07-13 — 경기 없음 (빈 DataFrame)
2026-07-19 10:35:39,529 [INFO] [PIPELINE] 2026-07-13 — 데이터 없음, 스킵
2026-07-19 10:35:44,530 [INFO] ============================================================
2026-07-19 10:35:44,530 [INFO] [PIPELINE] 대상 날짜: 2026-07-14
2026-07-19 10:35:44,530 [INFO] [FETCH] 2026-07-14 데이터 수집 시작...
2026-07-19 10:35:45,488 [INFO] [FETCH] 2026-07-14 — 경기 없음 (빈 DataFrame)
2026-07-19 10:35:45,488 [INFO] [PIPELINE] 2026-07-14 — 데이터 없음, 스킵
2026-07-19 10:35:50,489 [INFO] ============================================================
2026-07-19 10:35:50,490 [INFO] [PIPELINE] 대상 날짜: 2026-07-15
2026-07-19 10:35:50,490 [INFO] [FETCH] 2026-07-15 데이터 수집 시작...
2026-07-19 10:35:51,496 [INFO] [FETCH] 2026-07-15 — 경기 없음 (빈 DataFrame)
2026-07-19 10:35:51,496 [INFO] [PIPELINE] 2026-07-15 — 데이터 없음, 스킵
2026-07-19 10:35:56,497 [INFO] ============================================================
2026-07-19 10:35:56,498 [INFO] [PIPELINE] 대상 날짜: 2026-07-16
2026-07-19 10:35:56,498 [INFO] [FETCH] 2026-07-16 데이터 수집 시작...
2026-07-19 10:35:58,344 [INFO] [FETCH] 원본: 262행 × 119열
2026-07-19 10:35:58,347 [WARNING] [FETCH] API에 'INTERCEPT_X' 컬럼 없음 → NaN 채움
2026-07-19 10:35:58,347 [WARNING] [FETCH] API에 'INTERCEPT_Y' 컬럼 없음 → NaN 채움
2026-07-19 10:35:58,355 [INFO] [FETCH] 최종: 262행 × 66열
2026-07-19 10:35:58,541 [INFO] [DB] 배치 1: 262행 MERGE 완료 (262/262)
2026-07-19 10:35:58,541 [INFO] [DB] 총 262행 적재 완료
2026-07-19 10:35:58,543 [INFO] [PIPELINE] 2026-07-16 완료 — 262행 적재
2026-07-19 10:36:03,543 [INFO] ============================================================
2026-07-19 10:36:03,544 [INFO] [PIPELINE] 대상 날짜: 2026-07-17
2026-07-19 10:36:03,544 [INFO] [FETCH] 2026-07-17 데이터 수집 시작...
2026-07-19 10:36:04,453 [INFO] [FETCH] 원본: 4265행 × 119열
2026-07-19 10:36:04,458 [WARNING] [FETCH] API에 'INTERCEPT_X' 컬럼 없음 → NaN 채움
2026-07-19 10:36:04,459 [WARNING] [FETCH] API에 'INTERCEPT_Y' 컬럼 없음 → NaN 채움
2026-07-19 10:36:04,470 [INFO] [FETCH] 최종: 4265행 × 66열
2026-07-19 10:36:04,739 [INFO] [DB] 배치 1: 500행 MERGE 완료 (500/4265)
2026-07-19 10:36:04,763 [INFO] [DB] 배치 2: 500행 MERGE 완료 (1000/4265)
2026-07-19 10:36:04,792 [INFO] [DB] 배치 3: 500행 MERGE 완료 (1500/4265)
2026-07-19 10:36:04,821 [INFO] [DB] 배치 4: 500행 MERGE 완료 (2000/4265)
2026-07-19 10:36:04,849 [INFO] [DB] 배치 5: 500행 MERGE 완료 (2500/4265)
2026-07-19 10:36:04,873 [INFO] [DB] 배치 6: 500행 MERGE 완료 (3000/4265)
2026-07-19 10:36:04,902 [INFO] [DB] 배치 7: 500행 MERGE 완료 (3500/4265)
2026-07-19 10:36:04,926 [INFO] [DB] 배치 8: 500행 MERGE 완료 (4000/4265)
2026-07-19 10:36:04,941 [INFO] [DB] 배치 9: 265행 MERGE 완료 (4265/4265)
2026-07-19 10:36:04,941 [INFO] [DB] 총 4265행 적재 완료
2026-07-19 10:36:04,944 [INFO] [PIPELINE] 2026-07-17 완료 — 4265행 적재
2026-07-19 10:36:09,945 [INFO] ============================================================
2026-07-19 10:36:09,946 [INFO] [PIPELINE] 대상 날짜: 2026-07-18
2026-07-19 10:36:09,946 [INFO] [FETCH] 2026-07-18 데이터 수집 시작...
2026-07-19 10:36:10,918 [INFO] [FETCH] 2026-07-18 — 경기 없음 (빈 DataFrame)
2026-07-19 10:36:10,918 [INFO] [PIPELINE] 2026-07-18 — 데이터 없음, 스킵
2026-07-19 10:36:15,919 [INFO] ============================================================
2026-07-19 10:36:15,920 [INFO] [PIPELINE] 대상 날짜: 2026-07-18
2026-07-19 10:36:15,921 [INFO] [FETCH] 2026-07-18 데이터 수집 시작...
2026-07-19 10:36:16,225 [INFO] [FETCH] 2026-07-18 — 경기 없음 (빈 DataFrame)
2026-07-19 10:36:16,225 [INFO] [PIPELINE] 2026-07-18 — 데이터 없음, 스킵
2026-07-19 10:36:16,225 [INFO] [DAILY] 파이프라인 종료 — 2026-07-19 10:36:16
